Release 10.1.03 Map K.39 (nt)
Xilinx Mapping Report File for Design 'top_module'

Design Information
------------------
Command Line   : map -ise D:/Xtemp/matrix_multiplier/matrix_multiplier.ise
-intstyle ise -p xc2vp30-ff896-7 -cm area -pr off -k 4 -c 100 -tx off -o
top_module_map.ncd top_module.ngd top_module.pcf 
Target Device  : xc2vp30
Target Package : ff896
Target Speed   : -7
Mapper Version : virtex2p -- $Revision: 1.46.12.2 $
Mapped Date    : Thu Mar 08 12:11:55 2012

Design Summary
--------------
Number of errors:      0
Number of warnings:    0
Logic Utilization:
  Number of Slice Flip Flops:            40 out of  27,392    1%
  Number of 4 input LUTs:               134 out of  27,392    1%
Logic Distribution:
  Number of occupied Slices:             75 out of  13,696    1%
    Number of Slices containing only related logic:      75 out of      75 100%
    Number of Slices containing unrelated logic:          0 out of      75   0%
      *See NOTES below for an explanation of the effects of unrelated logic.
  Total Number of 4 input LUTs:         134 out of  27,392    1%
    Number used as logic:                86
    Number used for 32x1 RAMs:           48
      (Two LUTs used per 32x1 RAM)
  Number of bonded IOBs:                 16 out of     556    2%
  Number of MULT18X18s:                   1 out of     136    1%
  Number of BUFGMUXs:                     1 out of      16    6%

  Number of RPM macros:            3
Peak Memory Usage:  188 MB
Total REAL time to MAP completion:  1 secs 
Total CPU time to MAP completion:   1 secs 

NOTES:

   Related logic is defined as being logic that shares connectivity - e.g. two
   LUTs are "related" if they share common inputs.  When assembling slices,
   Map gives priority to combine logic that is related.  Doing so results in
   the best timing performance.

   Unrelated logic shares no connectivity.  Map will only begin packing
   unrelated logic into a slice once 99% of the slices are occupied through
   related logic packing.

   Note that once logic distribution reaches the 99% level through related
   logic packing, this does not mean the device is completely utilized.
   Unrelated logic packing will then begin, continuing until all usable LUTs
   and FFs are occupied.  Depending on your timing budget, increased levels of
   unrelated logic packing may adversely affect the overall timing performance
   of your design.

Table of Contents
-----------------
Section 1 - Errors
Section 2 - Warnings
Section 3 - Informational
Section 4 - Removed Logic Summary
Section 5 - Removed Logic
Section 6 - IOB Properties
Section 7 - RPMs
Section 8 - Guide Report
Section 9 - Area Group and Partition Summary
Section 10 - Modular Design Summary
Section 11 - Timing Report
Section 12 - Configuration String Information
Section 13 - Control Set Information
Section 14 - Utilization by Hierarchy

Section 1 - Errors
------------------

Section 2 - Warnings
--------------------

Section 3 - Informational
-------------------------
INFO:MapLib:562 - No environment variables are currently set.
INFO:LIT:244 - All of the single ended outputs in this design are using slew
   rate limited output drivers. The delay on speed critical single ended outputs
   can be dramatically reduced by designating them as fast outputs.

Section 4 - Removed Logic Summary
---------------------------------
   6 block(s) removed
  30 block(s) optimized away

Section 5 - Removed Logic
-------------------------
Unused block "Inst_RAM/GND" (ZERO) removed.
Unused block "Inst_RAM/VCC" (ONE) removed.
Unused block "Inst_ROM_A/GND" (ZERO) removed.
Unused block "Inst_ROM_A/VCC" (ONE) removed.
Unused block "Inst_ROM_B/GND" (ZERO) removed.
Unused block "Inst_ROM_B/VCC" (ONE) removed.

Optimized Block(s):
TYPE 		BLOCK
LUT4 		Inst_ROM_A/BU15
LUT4 		Inst_ROM_A/BU26
LUT4 		Inst_ROM_A/BU36
LUT4 		Inst_ROM_A/BU37
LUT4 		Inst_ROM_A/BU44
LUT4 		Inst_ROM_A/BU47
LUT4 		Inst_ROM_A/BU48
LUT4 		Inst_ROM_A/BU55
LUT4 		Inst_ROM_A/BU56
LUT4 		Inst_ROM_A/BU58
LUT4 		Inst_ROM_A/BU59
LUT4 		Inst_ROM_B/BU14
LUT4 		Inst_ROM_B/BU15
LUT4 		Inst_ROM_B/BU22
LUT4 		Inst_ROM_B/BU23
LUT4 		Inst_ROM_B/BU25
LUT4 		Inst_ROM_B/BU26
LUT4 		Inst_ROM_B/BU33
LUT4 		Inst_ROM_B/BU34
LUT4 		Inst_ROM_B/BU36
LUT4 		Inst_ROM_B/BU37
LUT4 		Inst_ROM_B/BU44
LUT4 		Inst_ROM_B/BU45
LUT4 		Inst_ROM_B/BU47
LUT4 		Inst_ROM_B/BU48
LUT4 		Inst_ROM_B/BU55
LUT4 		Inst_ROM_B/BU56
LUT4 		Inst_ROM_B/BU58
LUT4 		Inst_ROM_B/BU59
GND 		XST_GND

To enable printing of redundant blocks removed and signals merged, set the
detailed map report option and rerun map.

Section 6 - IOB Properties
--------------------------

+-------------------------------------------------------------------------------------------------------------------------------------------------+
| IOB Name                           | Type             | Direction | IO Standard          | Drive    | Slew | Reg (s)      | Resistor | IOB      |
|                                    |                  |           |                      | Strength | Rate |              |          | Delay    |
+-------------------------------------------------------------------------------------------------------------------------------------------------+
| clk                                | IOB              | INPUT     | LVCMOS25             |          |      |              |          |          |
| leds<0>                            | IOB              | OUTPUT    | LVCMOS25             | 12       | SLOW |              |          |          |
| leds<1>                            | IOB              | OUTPUT    | LVCMOS25             | 12       | SLOW |              |          |          |
| leds<2>                            | IOB              | OUTPUT    | LVCMOS25             | 12       | SLOW |              |          |          |
| leds<3>                            | IOB              | OUTPUT    | LVCMOS25             | 12       | SLOW |              |          |          |
| leds<4>                            | IOB              | OUTPUT    | LVCMOS25             | 12       | SLOW |              |          |          |
| leds<5>                            | IOB              | OUTPUT    | LVCMOS25             | 12       | SLOW |              |          |          |
| leds<6>                            | IOB              | OUTPUT    | LVCMOS25             | 12       | SLOW |              |          |          |
| leds<7>                            | IOB              | OUTPUT    | LVCMOS25             | 12       | SLOW |              |          |          |
| leds<8>                            | IOB              | OUTPUT    | LVCMOS25             | 12       | SLOW |              |          |          |
| leds<9>                            | IOB              | OUTPUT    | LVCMOS25             | 12       | SLOW |              |          |          |
| leds<10>                           | IOB              | OUTPUT    | LVCMOS25             | 12       | SLOW |              |          |          |
| leds<11>                           | IOB              | OUTPUT    | LVCMOS25             | 12       | SLOW |              |          |          |
| leds<12>                           | IOB              | OUTPUT    | LVCMOS25             | 12       | SLOW |              |          |          |
| nxt                                | IOB              | INPUT     | LVCMOS25             |          |      |              |          |          |
| rst                                | IOB              | INPUT     | LVCMOS25             |          |      |              |          |          |
+-------------------------------------------------------------------------------------------------------------------------------------------------+

Section 7 - RPMs
----------------
Inst_RAM/hset                           
Inst_ROM_A/hset                         
Inst_ROM_B/hset                         

Section 8 - Guide Report
------------------------
Guide not run on this design.

Section 9 - Area Group and Partition Summary
--------------------------------------------

Partition Implementation Status
-------------------------------

  No Partitions were found in this design.

-------------------------------

Area Group Information
----------------------

  No area groups were found in this design.

----------------------

Section 10 - Modular Design Summary
-----------------------------------
Modular Design not used for this design.

Section 11 - Timing Report
--------------------------
This design was not run using timing mode.

Section 12 - Configuration String Details
-----------------------------------------
Use the "-detail" map option to print out Configuration Strings

Section 13 - Control Set Information
------------------------------------
No control set information for this architecture.

Section 14 - Utilization by Hierarchy
-------------------------------------

This feature is not supported for this architecture.
